<?xml version="1.0" encoding="UTF-8"?>
<testsuite name="app.netlify.icarro.tests.HomePageTests" tests="2" skipped="0" failures="0" errors="0" timestamp="2026-09-19T14:48:03.306Z" hostname="AIT-PC" time="4.732">
  <properties/>
  <testcase name="isHomePageDisplayedPositiveTest" classname="app.netlify.icarro.tests.HomePageTests" time="0.029"/>
  <testcase name="isPageTitleCorrectPositiveTest" classname="app.netlify.icarro.tests.HomePageTests" time="1.025"/>
  <system-out><![CDATA[16:48:04.106 [Test worker] INFO  i.g.bonigarcia.wdm.WebDriverManager -- Using chromedriver 153.0.8010.52 (resolved driver for Chrome 153)
16:48:04.142 [Test worker] INFO  i.g.bonigarcia.wdm.WebDriverManager -- Exporting webdriver.chrome.driver as C:\Users\7506215\.cache\selenium\chromedriver\win64\153.0.8010.52\chromedriver.exe
16:48:05.710 [Test worker] INFO  app.netlify.icarro.core.TestBase -- start test isHomePageDisplayedPositiveTest with data:
	 []
16:48:05.757 [Test worker] INFO  app.netlify.icarro.core.TestBase -- Test PASSED
16:48:05.758 [Test worker] INFO  app.netlify.icarro.core.TestBase -- Stop test
16:48:05.758 [Test worker] INFO  app.netlify.icarro.core.TestBase -- *****************************************************
16:48:06.004 [Test worker] INFO  i.g.bonigarcia.wdm.WebDriverManager -- Using chromedriver 153.0.8010.52 (resolved driver for Chrome 153)
16:48:06.023 [Test worker] INFO  i.g.bonigarcia.wdm.WebDriverManager -- Exporting webdriver.chrome.driver as C:\Users\7506215\.cache\selenium\chromedriver\win64\153.0.8010.52\chromedriver.exe
16:48:07.012 [Test worker] INFO  app.netlify.icarro.core.TestBase -- start test isPageTitleCorrectPositiveTest with data:
	 []
16:48:08.038 [Test worker] INFO  app.netlify.icarro.core.TestBase -- Test PASSED
16:48:08.039 [Test worker] INFO  app.netlify.icarro.core.TestBase -- Stop test
16:48:08.039 [Test worker] INFO  app.netlify.icarro.core.TestBase -- *****************************************************
]]></system-out>
  <system-err><![CDATA[Sept. 19, 2026 4:48:05 PM org.openqa.selenium.devtools.CdpVersionFinder findNearestMatch
WARNUNG: Unable to find CDP implementation matching 153
Sept. 19, 2026 4:48:05 PM org.openqa.selenium.chromium.ChromiumDriver lambda$new$4
WARNUNG: Unable to find version of CDP to use for 153.0.8010.53. You may need to include a dependency on a specific version of the CDP using something similar to `org.seleniumhq.selenium:selenium-devtools-v86:4.40.0` where the version ("v86") matches the version of the chromium-based browser you're using and the version number of the artifact is the same as Selenium's.
Sept. 19, 2026 4:48:06 PM org.openqa.selenium.devtools.CdpVersionFinder findNearestMatch
WARNUNG: Unable to find CDP implementation matching 153
Sept. 19, 2026 4:48:06 PM org.openqa.selenium.chromium.ChromiumDriver lambda$new$4
WARNUNG: Unable to find version of CDP to use for 153.0.8010.53. You may need to include a dependency on a specific version of the CDP using something similar to `org.seleniumhq.selenium:selenium-devtools-v86:4.40.0` where the version ("v86") matches the version of the chromium-based browser you're using and the version number of the artifact is the same as Selenium's.
]]></system-err>
</testsuite>
